<?xml version="1.0" encoding="UTF-8"?>
<!-- Generated by org.testng.reporters.JUnitReportReporter -->
<testsuite hostname="Monu-Laptop" failures="0" tests="1" name="testRunner.TestRunner" time="16.567" errors="0" timestamp="22 Jul 2021 06:02:04 GMT">
  <testcase classname="testRunner.TestRunner" name="feature" time="16.567"/>
</testsuite> <!-- testRunner.TestRunner -->
